<?xml version="1.0" encoding="UTF-8"?>
<!-- Generated by org.testng.reporters.JUnitReportReporter -->
<testsuite hostname="Apoorvas-MacBook-Pro.local" failures="0" tests="1" name="com.eagle.TestCases.LoginRegression" time="97.062" errors="0" timestamp="2022-04-10T00:30:59 IST" skipped="0">
  <testcase classname="com.eagle.TestCases.LoginRegression" name="VerifyLoginPage_Test" time="97.062"/>
  <system-out/>
</testsuite> <!-- com.eagle.TestCases.LoginRegression -->
