<?xml version="1.0" encoding="UTF-8"?>
<!-- Generated by org.testng.reporters.JUnitReportReporter -->
<testsuite hostname="Apoorvas-MacBook-Pro.local" failures="0" tests="1" name="com.eagle.TestCases.ClearMyData" time="15.058" errors="0" timestamp="2022-03-30T21:57:33 IST" skipped="0">
  <testcase classname="com.eagle.TestCases.ClearMyData" name="ClearExistingData_Test" time="15.058"/>
  <system-out/>
</testsuite> <!-- com.eagle.TestCases.ClearMyData -->
