<?xml version="1.0" encoding="UTF-8"?>
<!-- Generated by org.testng.reporters.JUnitReportReporter -->
<testsuite hostname="Apoorvas-MacBook-Pro.local" failures="0" tests="2" name="com.eagle.TestCases.SetRegression" time="112.529" errors="0" timestamp="2022-04-10T00:30:59 IST" skipped="0">
  <testcase classname="com.eagle.TestCases.SetRegression" name="DeletedSetSearch_NonOwner_Test" time="22.822"/>
  <system-out/>
  <testcase classname="com.eagle.TestCases.SetRegression" name="VerifyEntries_Test" time="89.707"/>
  <system-out/>
</testsuite> <!-- com.eagle.TestCases.SetRegression -->
