<?xml version="1.0" encoding="UTF-8"?>
<!-- Generated by org.testng.reporters.JUnitReportReporter -->
<testsuite hostname="Apoorvas-MacBook-Pro.local" failures="0" tests="1" name="com.eagle.TestCases.LoginTest" time="45.720" errors="0" timestamp="2022-03-29T14:08:56 IST" skipped="0">
  <testcase classname="com.eagle.TestCases.LoginTest" name="VerifyLoginPage_Test" time="45.720"/>
  <system-out/>
</testsuite> <!-- com.eagle.TestCases.LoginTest -->
