<?xml version="1.0" encoding="UTF-8"?>
<!-- Generated by org.testng.reporters.JUnitReportReporter -->
<testsuite hostname="Apoorvas-MacBook-Pro.local" failures="0" tests="1" name="com.eagle.TestCases.LogoutRegression" time="6.176" errors="0" timestamp="2022-03-31T20:18:11 IST" skipped="0">
  <testcase classname="com.eagle.TestCases.LogoutRegression" name="VerifyLogout_Test" time="6.176"/>
  <system-out/>
</testsuite> <!-- com.eagle.TestCases.LogoutRegression -->
