<?xml version="1.0" encoding="UTF-8"?>
<!-- Generated by org.testng.reporters.JUnitReportReporter -->
<testsuite hostname="Apoorvas-MacBook-Pro.local" failures="0" tests="1" name="com.eagle.TestCases.HomeTest" time="35.667" errors="0" timestamp="2022-03-23T15:26:02 IST" skipped="0">
  <testcase classname="com.eagle.TestCases.HomeTest" name="Sort_LastModified_Test" time="35.667"/>
  <system-out/>
</testsuite> <!-- com.eagle.TestCases.HomeTest -->
