<?xml version="1.0" encoding="UTF-8"?>
<!-- Generated by org.testng.reporters.JUnitReportReporter -->
<testsuite hostname="Apoorvas-MacBook-Pro.local" failures="0" tests="17" name="com.eagle.TestCases.HomeRegression" time="184.947" errors="0" timestamp="2022-03-31T20:18:11 IST" skipped="0">
  <testcase classname="com.eagle.TestCases.HomeRegression" name="VerifyLogoVisibility_Test" time="0.351"/>
  <system-out/>
  <testcase classname="com.eagle.TestCases.HomeRegression" name="VerifyDashboard_Test" time="52.976"/>
  <system-out/>
  <testcase classname="com.eagle.TestCases.HomeRegression" name="VerifyUserProfile" time="1.204"/>
  <system-out/>
  <testcase classname="com.eagle.TestCases.HomeRegression" name="VerifyCopyRights" time="0.371"/>
  <system-out/>
  <testcase classname="com.eagle.TestCases.HomeRegression" name="CreateGlobalSearch_Test" time="30.057"/>
  <system-out/>
  <testcase classname="com.eagle.TestCases.HomeRegression" name="VerifySavedSearches_Test" time="3.916"/>
  <system-out/>
  <testcase classname="com.eagle.TestCases.HomeRegression" name="VerifyContactHelpDesk_Test" time="22.218"/>
  <system-out/>
  <testcase classname="com.eagle.TestCases.HomeRegression" name="VerifyUserManual_Test" time="0.858"/>
  <system-out/>
  <testcase classname="com.eagle.TestCases.HomeRegression" name="VerifyFAQ_Test" time="20.647"/>
  <system-out/>
  <testcase classname="com.eagle.TestCases.HomeRegression" name="VerifyFMyDataComponents_Test" time="3.505"/>
  <system-out/>
  <testcase classname="com.eagle.TestCases.HomeRegression" name="VerifyNameAndLastModified_Test" time="2.467"/>
  <system-out/>
  <testcase classname="com.eagle.TestCases.HomeRegression" name="VerifyOwnerColumn_Test" time="2.424"/>
  <system-out/>
  <testcase classname="com.eagle.TestCases.HomeRegression" name="VerifyCategoryColumn_Test" time="2.382"/>
  <system-out/>
  <testcase classname="com.eagle.TestCases.HomeRegression" name="VerifyActionMenu_Test" time="22.430"/>
  <system-out/>
  <testcase classname="com.eagle.TestCases.HomeRegression" name="VerifyItemsInActionMenu_Test" time="9.841"/>
  <system-out/>
  <testcase classname="com.eagle.TestCases.HomeRegression" name="Sort_Name_Test" time="4.622"/>
  <system-out/>
  <testcase classname="com.eagle.TestCases.HomeRegression" name="Sort_LastModified_Test" time="4.678"/>
  <system-out/>
</testsuite> <!-- com.eagle.TestCases.HomeRegression -->
